<?xml version="1.0" encoding="UTF-8"?>
<!-- Generated by org.testng.reporters.JUnitReportReporter -->
<testsuite hostname="LAPTOP-PP2KKMBP" failures="0" tests="2" name="Eitab__Keis.TesntNet.HtmlTablesTest" time="0.219" errors="0" timestamp="2023-03-27T00:16:28 IDT" skipped="0">
  <testcase classname="Eitab__Keis.TesntNet.HtmlTablesTest" name="testVerifyTableCellText" time="0.096"/>
  <system-out/>
  <testcase classname="Eitab__Keis.TesntNet.HtmlTablesTest" name="testGetTableCellText" time="0.123"/>
  <system-out/>
</testsuite> <!-- Eitab__Keis.TesntNet.HtmlTablesTest -->
